2022-05-13 11:03:29.059 [info] <0.44.0> Application lager started on node nonode@nohost
2022-05-13 11:03:29.062 [info] <0.44.0> Application xmerl started on node nonode@nohost
2022-05-13 11:03:29.065 [info] <0.44.0> Application sasl started on node nonode@nohost
2022-05-13 11:03:29.065 [info] <0.44.0> Application tools started on node nonode@nohost
2022-05-13 11:03:29.065 [info] <0.44.0> Application jsx started on node nonode@nohost
2022-05-13 11:03:29.065 [info] <0.44.0> Application recon started on node nonode@nohost
2022-05-13 11:03:29.096 [info] <0.44.0> Application credentials_obfuscation started on node nonode@nohost
2022-05-13 11:03:29.096 [info] <0.44.0> Application rabbit_common started on node nonode@nohost
2022-05-13 11:03:29.102 [info] <0.44.0> Application amqp_client started on node nonode@nohost
2022-05-13 11:03:29.104 [info] <0.44.0> Application amqp started on node nonode@nohost
2022-05-13 11:03:29.104 [info] <0.44.0> Application becarios_bunsan_2022_b1 started on node nonode@nohost
2022-05-13 11:05:01.628 [info] <0.44.0> Application lager started on node nonode@nohost
2022-05-13 11:05:01.630 [info] <0.44.0> Application xmerl started on node nonode@nohost
2022-05-13 11:05:01.632 [info] <0.44.0> Application sasl started on node nonode@nohost
2022-05-13 11:05:01.632 [info] <0.44.0> Application tools started on node nonode@nohost
2022-05-13 11:05:01.633 [info] <0.44.0> Application jsx started on node nonode@nohost
2022-05-13 11:05:01.633 [info] <0.44.0> Application recon started on node nonode@nohost
2022-05-13 11:05:01.660 [info] <0.44.0> Application credentials_obfuscation started on node nonode@nohost
2022-05-13 11:05:01.660 [info] <0.44.0> Application rabbit_common started on node nonode@nohost
2022-05-13 11:05:01.664 [info] <0.44.0> Application amqp_client started on node nonode@nohost
2022-05-13 11:05:01.666 [info] <0.44.0> Application amqp started on node nonode@nohost
2022-05-13 11:05:01.666 [info] <0.44.0> Application becarios_bunsan_2022_b1 started on node nonode@nohost
2022-05-13 11:08:29.513 [info] <0.44.0> Application lager started on node nonode@nohost
2022-05-13 11:08:29.515 [info] <0.44.0> Application xmerl started on node nonode@nohost
2022-05-13 11:08:29.518 [info] <0.44.0> Application sasl started on node nonode@nohost
2022-05-13 11:08:29.519 [info] <0.44.0> Application tools started on node nonode@nohost
2022-05-13 11:08:29.519 [info] <0.44.0> Application jsx started on node nonode@nohost
2022-05-13 11:08:29.519 [info] <0.44.0> Application recon started on node nonode@nohost
2022-05-13 11:08:29.545 [info] <0.44.0> Application credentials_obfuscation started on node nonode@nohost
2022-05-13 11:08:29.545 [info] <0.44.0> Application rabbit_common started on node nonode@nohost
2022-05-13 11:08:29.550 [info] <0.44.0> Application amqp_client started on node nonode@nohost
2022-05-13 11:08:29.551 [info] <0.44.0> Application amqp started on node nonode@nohost
2022-05-13 11:08:29.551 [info] <0.44.0> Application sweet_xml started on node nonode@nohost
2022-05-13 11:08:29.551 [info] <0.44.0> Application libgraph started on node nonode@nohost
2022-05-13 11:08:29.551 [info] <0.44.0> Application deep_merge started on node nonode@nohost
2022-05-13 11:08:29.551 [info] <0.44.0> Application statistex started on node nonode@nohost
2022-05-13 11:08:29.551 [info] <0.44.0> Application benchee started on node nonode@nohost
2022-05-13 11:08:29.551 [info] <0.44.0> Application unicode_util_compat started on node nonode@nohost
2022-05-13 11:08:29.551 [info] <0.44.0> Application idna started on node nonode@nohost
2022-05-13 11:08:29.551 [info] <0.44.0> Application mimerl started on node nonode@nohost
2022-05-13 11:08:29.551 [info] <0.44.0> Application certifi started on node nonode@nohost
2022-05-13 11:08:29.551 [info] <0.44.0> Application parse_trans started on node nonode@nohost
2022-05-13 11:08:29.551 [info] <0.44.0> Application ssl_verify_fun started on node nonode@nohost
2022-05-13 11:08:29.551 [info] <0.44.0> Application metrics started on node nonode@nohost
2022-05-13 11:08:29.559 [info] <0.44.0> Application hackney started on node nonode@nohost
2022-05-13 11:08:29.605 [info] <0.44.0> Application tzdata started on node nonode@nohost
2022-05-13 11:08:29.605 [info] <0.44.0> Application mime started on node nonode@nohost
2022-05-13 11:08:29.605 [info] <0.44.0> Application tesla started on node nonode@nohost
2022-05-13 11:08:29.605 [info] <0.44.0> Application becarios_bunsan_2022_b1 started on node nonode@nohost
